<?xml version="1.0" encoding="UTF-8"?>
<!-- Generated by org.testng.reporters.JUnitReportReporter -->
<testsuite hostname="BerAz" failures="0" tests="3" name="com.neotech.lesson01.MoreTestNGAnnotations" time="0.007" errors="0" timestamp="2023-10-07T14:08:50 EDT" skipped="0">
  <testcase classname="com.neotech.lesson01.MoreTestNGAnnotations" name="test3" time="0.001"/>
  <testcase classname="com.neotech.lesson01.MoreTestNGAnnotations" name="test1" time="0.006"/>
  <testcase classname="com.neotech.lesson01.MoreTestNGAnnotations" name="test2" time="0.000"/>
</testsuite> <!-- com.neotech.lesson01.MoreTestNGAnnotations -->
