<?xml version="1.0" encoding="UTF-8"?>
<!-- Generated by org.testng.reporters.JUnitReportReporter -->
<testsuite hostname="BerAz" failures="0" tests="3" name="com.neotech.lesson01.TestNGAnnotations" time="0.016" errors="0" timestamp="2023-10-07T13:51:59 EDT" skipped="0">
  <testcase classname="com.neotech.lesson01.TestNGAnnotations" name="testOne" time="0.012"/>
  <testcase classname="com.neotech.lesson01.TestNGAnnotations" name="testTwo" time="0.002"/>
  <testcase classname="com.neotech.lesson01.TestNGAnnotations" name="testThree" time="0.002"/>
</testsuite> <!-- com.neotech.lesson01.TestNGAnnotations -->
